[00:33:06] [Server thread/INFO]: Starting minecraft server version 1.8
[00:33:06] [Server thread/INFO]: Loading properties
[00:33:06] [Server thread/INFO]: Default game type: SURVIVAL
[00:33:06] [Server thread/INFO]: Generating keypair
[00:33:07] [Server thread/INFO]: Starting Minecraft server on 192.168.1.35:25565
[00:33:07] [Server thread/INFO]: This server is running CraftBukkit version git-Bukkit-33d5de3 (MC: 1.8) (Implementing API version 1.8-R0.1-SNAPSHOT)
[00:33:07] [Server thread/INFO]: Preparing level "world"
[00:33:07] [Server thread/INFO]: Preparing start region for level 0 (Seed: -5498507107442230019)
[00:33:08] [Server thread/INFO]: Preparing spawn area: 6%
[00:33:09] [Server thread/INFO]: Preparing spawn area: 12%
[00:33:11] [Server thread/INFO]: Preparing spawn area: 18%
[00:33:12] [Server thread/INFO]: Preparing spawn area: 24%
[00:33:13] [Server thread/INFO]: Preparing spawn area: 30%
[00:33:14] [Server thread/INFO]: Preparing spawn area: 37%
[00:33:15] [Server thread/INFO]: Preparing spawn area: 43%
[00:33:16] [Server thread/INFO]: Preparing spawn area: 56%
[00:33:17] [Server thread/INFO]: Preparing spawn area: 63%
[00:33:18] [Server thread/INFO]: Preparing spawn area: 71%
[00:33:19] [Server thread/INFO]: Preparing spawn area: 77%
[00:33:20] [Server thread/INFO]: Preparing spawn area: 84%
[00:33:21] [Server thread/INFO]: Preparing spawn area: 91%
[00:33:22] [Server thread/INFO]: Preparing spawn area: 98%
[00:33:22] [Server thread/INFO]: Preparing start region for level 1 (Seed: -5498507107442230019)
[00:33:22] [Server thread/INFO]: Server permissions file permissions.yml is empty, ignoring it
[00:33:22] [Server thread/INFO]: Done (15,185s)! For help, type "help" or "?"
